2012-03-29 09:12:27 - INFO - Refreshing org.springframework.context.support.ClassPathXmlApplicationContext@59e152c5: startup date [Thu Mar 29 09:12:27 GMT+08:00 2012]; root of context hierarchy
2012-03-29 09:12:27 - INFO - Loading XML bean definitions from class path resource [applicationContext.xml]
2012-03-29 09:12:27 - INFO - Loading XML bean definitions from class path resource [applicationContext-base.xml]
2012-03-29 09:12:27 - INFO - Loading XML bean definitions from class path resource [applicationContext-system.xml]
2012-03-29 09:12:27 - INFO - Pre-instantiating singletons in org.springframework.beans.factory.support.DefaultListableBeanFactory@7cfefe3f: defining beans [dataSource,sqlSessionFactory,systemUsersMapper,transactionManager,transactionBase]; root of factory hierarchy
2012-03-29 09:12:28 - INFO - MLog clients using log4j logging.
2012-03-29 09:12:28 - INFO - Initializing c3p0-0.9.0 [built 11-July-2005 00:43:29 -0400; debug? true; trace: 10]
2012-03-29 09:12:28 - INFO - Destroying singletons in org.springframework.beans.factory.support.DefaultListableBeanFactory@7cfefe3f: defining beans [dataSource,sqlSessionFactory,systemUsersMapper,transactionManager,transactionBase]; root of factory hierarchy
2012-03-29 09:13:23 - INFO - Refreshing org.springframework.context.support.ClassPathXmlApplicationContext@7ca3d4cf: startup date [Thu Mar 29 09:13:23 GMT+08:00 2012]; root of context hierarchy
2012-03-29 09:13:23 - INFO - Loading XML bean definitions from class path resource [applicationContext.xml]
2012-03-29 09:13:24 - INFO - Loading XML bean definitions from class path resource [applicationContext-base.xml]
2012-03-29 09:13:24 - INFO - Loading XML bean definitions from class path resource [applicationContext-system.xml]
2012-03-29 09:13:24 - INFO - Pre-instantiating singletons in org.springframework.beans.factory.support.DefaultListableBeanFactory@4737371: defining beans [dataSource,sqlSessionFactory,systemUsersMapper,transactionManager,transactionBase]; root of factory hierarchy
2012-03-29 09:13:24 - INFO - MLog clients using log4j logging.
2012-03-29 09:13:24 - INFO - Initializing c3p0-0.9.0 [built 11-July-2005 00:43:29 -0400; debug? true; trace: 10]
2012-03-29 09:13:24 - INFO - Initializing c3p0 pool... com.mchange.v2.c3p0.ComboPooledDataSource@16e1eea8[ acquireIncrement -> 3, acquireRetryAttempts -> 30, acquireRetryDelay -> 1000, autoCommitOnClose -> false, automaticTestTable -> null, breakAfterAcquireFailure -> false, checkoutTimeout -> 0, connectionTesterClassName -> com.mchange.v2.c3p0.impl.DefaultConnectionTester, description -> null, driverClass -> oracle.jdbc.driver.OracleDriver, factoryClassLocation -> null, forceIgnoreUnresolvedTransactions -> false, identityToken -> 16e1eea8, idleConnectionTestPeriod -> -1, initialPoolSize -> 1, jdbcUrl -> jdbc:oracle:thin:@localhost:1521:orcl, loginTimeout -> 0, maxIdleTime -> 30, maxPoolSize -> 10, maxStatements -> 0, maxStatementsPerConnection -> 0, minPoolSize -> 1, numHelperThreads -> 3, preferredTestQuery -> null, properties -> {user=******, password=******}, propertyCycle -> 300, testConnectionOnCheckin -> false, testConnectionOnCheckout -> false, usesTraditionalReflectiveProxies -> false ]
2012-03-29 09:14:16 - INFO - Refreshing org.springframework.context.support.ClassPathXmlApplicationContext@59e152c5: startup date [Thu Mar 29 09:14:16 GMT+08:00 2012]; root of context hierarchy
2012-03-29 09:14:16 - INFO - Loading XML bean definitions from class path resource [applicationContext.xml]
2012-03-29 09:14:16 - INFO - Loading XML bean definitions from class path resource [applicationContext-base.xml]
2012-03-29 09:14:16 - INFO - Loading XML bean definitions from class path resource [applicationContext-system.xml]
2012-03-29 09:14:16 - INFO - Pre-instantiating singletons in org.springframework.beans.factory.support.DefaultListableBeanFactory@48e61a35: defining beans [dataSource,sqlSessionFactory,systemUsersMapper,transactionManager,transactionBase]; root of factory hierarchy
2012-03-29 09:14:16 - INFO - MLog clients using log4j logging.
2012-03-29 09:14:16 - INFO - Initializing c3p0-0.9.0 [built 11-July-2005 00:43:29 -0400; debug? true; trace: 10]
2012-03-29 09:14:17 - INFO - Initializing c3p0 pool... com.mchange.v2.c3p0.ComboPooledDataSource@16e1eea8[ acquireIncrement -> 3, acquireRetryAttempts -> 30, acquireRetryDelay -> 1000, autoCommitOnClose -> false, automaticTestTable -> null, breakAfterAcquireFailure -> false, checkoutTimeout -> 0, connectionTesterClassName -> com.mchange.v2.c3p0.impl.DefaultConnectionTester, description -> null, driverClass -> oracle.jdbc.driver.OracleDriver, factoryClassLocation -> null, forceIgnoreUnresolvedTransactions -> false, identityToken -> 16e1eea8, idleConnectionTestPeriod -> -1, initialPoolSize -> 1, jdbcUrl -> jdbc:oracle:thin:@localhost:1521:orcl, loginTimeout -> 0, maxIdleTime -> 30, maxPoolSize -> 10, maxStatements -> 0, maxStatementsPerConnection -> 0, minPoolSize -> 1, numHelperThreads -> 3, preferredTestQuery -> null, properties -> {user=******, password=******}, propertyCycle -> 300, testConnectionOnCheckin -> false, testConnectionOnCheckout -> false, usesTraditionalReflectiveProxies -> false ]
2012-03-29 09:14:45 - INFO - Refreshing org.springframework.context.support.ClassPathXmlApplicationContext@59e152c5: startup date [Thu Mar 29 09:14:45 GMT+08:00 2012]; root of context hierarchy
2012-03-29 09:14:45 - INFO - Loading XML bean definitions from class path resource [applicationContext.xml]
2012-03-29 09:14:45 - INFO - Loading XML bean definitions from class path resource [applicationContext-base.xml]
2012-03-29 09:14:45 - INFO - Loading XML bean definitions from class path resource [applicationContext-system.xml]
2012-03-29 09:14:45 - INFO - Pre-instantiating singletons in org.springframework.beans.factory.support.DefaultListableBeanFactory@5eb7ec5d: defining beans [dataSource,sqlSessionFactory,systemUsersMapper,transactionManager,transactionBase]; root of factory hierarchy
2012-03-29 09:14:45 - INFO - MLog clients using log4j logging.
2012-03-29 09:14:45 - INFO - Initializing c3p0-0.9.0 [built 11-July-2005 00:43:29 -0400; debug? true; trace: 10]
2012-03-29 09:14:46 - INFO - Initializing c3p0 pool... com.mchange.v2.c3p0.ComboPooledDataSource@688a548b[ acquireIncrement -> 3, acquireRetryAttempts -> 30, acquireRetryDelay -> 1000, autoCommitOnClose -> false, automaticTestTable -> null, breakAfterAcquireFailure -> false, checkoutTimeout -> 0, connectionTesterClassName -> com.mchange.v2.c3p0.impl.DefaultConnectionTester, description -> null, driverClass -> oracle.jdbc.driver.OracleDriver, factoryClassLocation -> null, forceIgnoreUnresolvedTransactions -> false, identityToken -> 688a548b, idleConnectionTestPeriod -> -1, initialPoolSize -> 1, jdbcUrl -> jdbc:oracle:thin:@localhost:1521:orcl, loginTimeout -> 0, maxIdleTime -> 30, maxPoolSize -> 10, maxStatements -> 0, maxStatementsPerConnection -> 0, minPoolSize -> 1, numHelperThreads -> 3, preferredTestQuery -> null, properties -> {user=******, password=******}, propertyCycle -> 300, testConnectionOnCheckin -> false, testConnectionOnCheckout -> false, usesTraditionalReflectiveProxies -> false ]
2012-03-29 09:16:35 - INFO - Refreshing org.springframework.context.support.ClassPathXmlApplicationContext@67e8a1f6: startup date [Thu Mar 29 09:16:35 GMT+08:00 2012]; root of context hierarchy
2012-03-29 09:16:35 - INFO - Loading XML bean definitions from class path resource [applicationContext.xml]
2012-03-29 09:16:35 - INFO - Loading XML bean definitions from class path resource [applicationContext-base.xml]
2012-03-29 09:16:35 - INFO - Loading XML bean definitions from class path resource [applicationContext-system.xml]
2012-03-29 09:16:35 - INFO - Pre-instantiating singletons in org.springframework.beans.factory.support.DefaultListableBeanFactory@48e61a35: defining beans [dataSource,sqlSessionFactory,systemUsersMapper,transactionManager,transactionBase]; root of factory hierarchy
2012-03-29 09:16:35 - INFO - MLog clients using log4j logging.
2012-03-29 09:16:35 - INFO - Initializing c3p0-0.9.0 [built 11-July-2005 00:43:29 -0400; debug? true; trace: 10]
2012-03-29 09:16:36 - INFO - Initializing c3p0 pool... com.mchange.v2.c3p0.ComboPooledDataSource@6c69d02b[ acquireIncrement -> 3, acquireRetryAttempts -> 30, acquireRetryDelay -> 1000, autoCommitOnClose -> false, automaticTestTable -> null, breakAfterAcquireFailure -> false, checkoutTimeout -> 0, connectionTesterClassName -> com.mchange.v2.c3p0.impl.DefaultConnectionTester, description -> null, driverClass -> oracle.jdbc.driver.OracleDriver, factoryClassLocation -> null, forceIgnoreUnresolvedTransactions -> false, identityToken -> 6c69d02b, idleConnectionTestPeriod -> -1, initialPoolSize -> 1, jdbcUrl -> jdbc:oracle:thin:@localhost:1521:orcl, loginTimeout -> 0, maxIdleTime -> 30, maxPoolSize -> 10, maxStatements -> 0, maxStatementsPerConnection -> 0, minPoolSize -> 1, numHelperThreads -> 3, preferredTestQuery -> null, properties -> {user=******, password=******}, propertyCycle -> 300, testConnectionOnCheckin -> false, testConnectionOnCheckout -> false, usesTraditionalReflectiveProxies -> false ]
2012-03-29 09:16:45 - INFO - Refreshing org.springframework.context.support.ClassPathXmlApplicationContext@59e152c5: startup date [Thu Mar 29 09:16:45 GMT+08:00 2012]; root of context hierarchy
2012-03-29 09:16:45 - INFO - Loading XML bean definitions from class path resource [applicationContext.xml]
2012-03-29 09:16:45 - INFO - Loading XML bean definitions from class path resource [applicationContext-base.xml]
2012-03-29 09:16:45 - INFO - Loading XML bean definitions from class path resource [applicationContext-system.xml]
2012-03-29 09:16:45 - INFO - Pre-instantiating singletons in org.springframework.beans.factory.support.DefaultListableBeanFactory@5eb7ec5d: defining beans [dataSource,sqlSessionFactory,systemUsersMapper,transactionManager,transactionBase]; root of factory hierarchy
2012-03-29 09:16:45 - INFO - MLog clients using log4j logging.
2012-03-29 09:16:45 - INFO - Initializing c3p0-0.9.0 [built 11-July-2005 00:43:29 -0400; debug? true; trace: 10]
2012-03-29 09:16:46 - INFO - Initializing c3p0 pool... com.mchange.v2.c3p0.ComboPooledDataSource@688a548b[ acquireIncrement -> 3, acquireRetryAttempts -> 30, acquireRetryDelay -> 1000, autoCommitOnClose -> false, automaticTestTable -> null, breakAfterAcquireFailure -> false, checkoutTimeout -> 0, connectionTesterClassName -> com.mchange.v2.c3p0.impl.DefaultConnectionTester, description -> null, driverClass -> oracle.jdbc.driver.OracleDriver, factoryClassLocation -> null, forceIgnoreUnresolvedTransactions -> false, identityToken -> 688a548b, idleConnectionTestPeriod -> -1, initialPoolSize -> 1, jdbcUrl -> jdbc:oracle:thin:@localhost:1521:orcl, loginTimeout -> 0, maxIdleTime -> 30, maxPoolSize -> 10, maxStatements -> 0, maxStatementsPerConnection -> 0, minPoolSize -> 1, numHelperThreads -> 3, preferredTestQuery -> null, properties -> {user=******, password=******}, propertyCycle -> 300, testConnectionOnCheckin -> false, testConnectionOnCheckout -> false, usesTraditionalReflectiveProxies -> false ]
2012-03-29 09:18:13 - INFO - Refreshing org.springframework.context.support.ClassPathXmlApplicationContext@67e8a1f6: startup date [Thu Mar 29 09:18:13 GMT+08:00 2012]; root of context hierarchy
2012-03-29 09:18:13 - INFO - Loading XML bean definitions from class path resource [applicationContext.xml]
2012-03-29 09:18:13 - INFO - Loading XML bean definitions from class path resource [applicationContext-base.xml]
2012-03-29 09:18:13 - INFO - Loading XML bean definitions from class path resource [applicationContext-system.xml]
2012-03-29 09:18:13 - INFO - Pre-instantiating singletons in org.springframework.beans.factory.support.DefaultListableBeanFactory@7ac2b2f6: defining beans [dataSource,sqlSessionFactory,systemUsersMapper,transactionManager,transactionBase]; root of factory hierarchy
2012-03-29 09:18:13 - INFO - MLog clients using log4j logging.
2012-03-29 09:18:13 - INFO - Initializing c3p0-0.9.0 [built 11-July-2005 00:43:29 -0400; debug? true; trace: 10]
2012-03-29 09:18:14 - INFO - Initializing c3p0 pool... com.mchange.v2.c3p0.ComboPooledDataSource@16e1eea8[ acquireIncrement -> 3, acquireRetryAttempts -> 30, acquireRetryDelay -> 1000, autoCommitOnClose -> false, automaticTestTable -> null, breakAfterAcquireFailure -> false, checkoutTimeout -> 0, connectionTesterClassName -> com.mchange.v2.c3p0.impl.DefaultConnectionTester, description -> null, driverClass -> oracle.jdbc.driver.OracleDriver, factoryClassLocation -> null, forceIgnoreUnresolvedTransactions -> false, identityToken -> 16e1eea8, idleConnectionTestPeriod -> -1, initialPoolSize -> 1, jdbcUrl -> jdbc:oracle:thin:@localhost:1521:orcl, loginTimeout -> 0, maxIdleTime -> 30, maxPoolSize -> 10, maxStatements -> 0, maxStatementsPerConnection -> 0, minPoolSize -> 1, numHelperThreads -> 3, preferredTestQuery -> null, properties -> {user=******, password=******}, propertyCycle -> 300, testConnectionOnCheckin -> false, testConnectionOnCheckout -> false, usesTraditionalReflectiveProxies -> false ]
2012-03-29 09:18:24 - INFO - Refreshing org.springframework.context.support.ClassPathXmlApplicationContext@67e8a1f6: startup date [Thu Mar 29 09:18:24 GMT+08:00 2012]; root of context hierarchy
2012-03-29 09:18:24 - INFO - Loading XML bean definitions from class path resource [applicationContext.xml]
2012-03-29 09:18:24 - INFO - Loading XML bean definitions from class path resource [applicationContext-base.xml]
2012-03-29 09:18:24 - INFO - Loading XML bean definitions from class path resource [applicationContext-system.xml]
2012-03-29 09:18:24 - INFO - Pre-instantiating singletons in org.springframework.beans.factory.support.DefaultListableBeanFactory@7cfefe3f: defining beans [dataSource,sqlSessionFactory,systemUsersMapper,transactionManager,transactionBase]; root of factory hierarchy
2012-03-29 09:18:24 - INFO - MLog clients using log4j logging.
2012-03-29 09:18:24 - INFO - Initializing c3p0-0.9.0 [built 11-July-2005 00:43:29 -0400; debug? true; trace: 10]
2012-03-29 09:18:24 - INFO - Initializing c3p0 pool... com.mchange.v2.c3p0.ComboPooledDataSource@6c69d02b[ acquireIncrement -> 3, acquireRetryAttempts -> 30, acquireRetryDelay -> 1000, autoCommitOnClose -> false, automaticTestTable -> null, breakAfterAcquireFailure -> false, checkoutTimeout -> 0, connectionTesterClassName -> com.mchange.v2.c3p0.impl.DefaultConnectionTester, description -> null, driverClass -> oracle.jdbc.driver.OracleDriver, factoryClassLocation -> null, forceIgnoreUnresolvedTransactions -> false, identityToken -> 6c69d02b, idleConnectionTestPeriod -> -1, initialPoolSize -> 1, jdbcUrl -> jdbc:oracle:thin:@localhost:1521:orcl, loginTimeout -> 0, maxIdleTime -> 30, maxPoolSize -> 10, maxStatements -> 0, maxStatementsPerConnection -> 0, minPoolSize -> 1, numHelperThreads -> 3, preferredTestQuery -> null, properties -> {user=******, password=******}, propertyCycle -> 300, testConnectionOnCheckin -> false, testConnectionOnCheckout -> false, usesTraditionalReflectiveProxies -> false ]
2012-03-29 09:20:13 - INFO - Refreshing org.springframework.context.support.ClassPathXmlApplicationContext@67e8a1f6: startup date [Thu Mar 29 09:20:13 GMT+08:00 2012]; root of context hierarchy
2012-03-29 09:20:13 - INFO - Loading XML bean definitions from class path resource [applicationContext.xml]
2012-03-29 09:20:13 - INFO - Loading XML bean definitions from class path resource [applicationContext-base.xml]
2012-03-29 09:20:13 - INFO - Loading XML bean definitions from class path resource [applicationContext-system.xml]
2012-03-29 09:20:13 - INFO - Pre-instantiating singletons in org.springframework.beans.factory.support.DefaultListableBeanFactory@48e61a35: defining beans [dataSource,sqlSessionFactory,systemUsersMapper,transactionManager,transactionBase]; root of factory hierarchy
2012-03-29 09:20:13 - INFO - MLog clients using log4j logging.
2012-03-29 09:20:13 - INFO - Initializing c3p0-0.9.0 [built 11-July-2005 00:43:29 -0400; debug? true; trace: 10]
2012-03-29 09:20:14 - INFO - Initializing c3p0 pool... com.mchange.v2.c3p0.ComboPooledDataSource@4afb6354[ acquireIncrement -> 3, acquireRetryAttempts -> 30, acquireRetryDelay -> 1000, autoCommitOnClose -> false, automaticTestTable -> null, breakAfterAcquireFailure -> false, checkoutTimeout -> 0, connectionTesterClassName -> com.mchange.v2.c3p0.impl.DefaultConnectionTester, description -> null, driverClass -> oracle.jdbc.driver.OracleDriver, factoryClassLocation -> null, forceIgnoreUnresolvedTransactions -> false, identityToken -> 4afb6354, idleConnectionTestPeriod -> -1, initialPoolSize -> 1, jdbcUrl -> jdbc:oracle:thin:@localhost:1521:orcl, loginTimeout -> 0, maxIdleTime -> 30, maxPoolSize -> 10, maxStatements -> 0, maxStatementsPerConnection -> 0, minPoolSize -> 1, numHelperThreads -> 3, preferredTestQuery -> null, properties -> {user=******, password=******}, propertyCycle -> 300, testConnectionOnCheckin -> false, testConnectionOnCheckout -> false, usesTraditionalReflectiveProxies -> false ]
2012-03-29 09:22:26 - INFO - Refreshing org.springframework.context.support.ClassPathXmlApplicationContext@7ca3d4cf: startup date [Thu Mar 29 09:22:26 GMT+08:00 2012]; root of context hierarchy
2012-03-29 09:22:27 - INFO - Loading XML bean definitions from class path resource [applicationContext.xml]
2012-03-29 09:22:27 - INFO - Loading XML bean definitions from class path resource [applicationContext-base.xml]
2012-03-29 09:22:27 - INFO - Loading XML bean definitions from class path resource [applicationContext-system.xml]
2012-03-29 09:22:27 - INFO - Pre-instantiating singletons in org.springframework.beans.factory.support.DefaultListableBeanFactory@7ac2b2f6: defining beans [dataSource,sqlSessionFactory,systemUsersMapper,transactionManager,transactionBase]; root of factory hierarchy
2012-03-29 09:22:27 - INFO - MLog clients using log4j logging.
2012-03-29 09:22:27 - INFO - Initializing c3p0-0.9.0 [built 11-July-2005 00:43:29 -0400; debug? true; trace: 10]
2012-03-29 09:22:27 - INFO - Initializing c3p0 pool... com.mchange.v2.c3p0.ComboPooledDataSource@16e1eea8[ acquireIncrement -> 3, acquireRetryAttempts -> 30, acquireRetryDelay -> 1000, autoCommitOnClose -> false, automaticTestTable -> null, breakAfterAcquireFailure -> false, checkoutTimeout -> 0, connectionTesterClassName -> com.mchange.v2.c3p0.impl.DefaultConnectionTester, description -> null, driverClass -> oracle.jdbc.driver.OracleDriver, factoryClassLocation -> null, forceIgnoreUnresolvedTransactions -> false, identityToken -> 16e1eea8, idleConnectionTestPeriod -> -1, initialPoolSize -> 1, jdbcUrl -> jdbc:oracle:thin:@localhost:1521:orcl, loginTimeout -> 0, maxIdleTime -> 30, maxPoolSize -> 10, maxStatements -> 0, maxStatementsPerConnection -> 0, minPoolSize -> 1, numHelperThreads -> 3, preferredTestQuery -> null, properties -> {user=******, password=******}, propertyCycle -> 300, testConnectionOnCheckin -> false, testConnectionOnCheckout -> false, usesTraditionalReflectiveProxies -> false ]
2012-03-29 15:42:24 - INFO - Refreshing org.springframework.context.support.ClassPathXmlApplicationContext@67e8a1f6: startup date [Thu Mar 29 15:42:24 GMT+08:00 2012]; root of context hierarchy
2012-03-29 15:42:24 - INFO - Loading XML bean definitions from class path resource [applicationContext.xml]
2012-03-29 15:42:24 - INFO - Loading XML bean definitions from class path resource [applicationContext-base.xml]
2012-03-29 15:42:24 - INFO - Loading XML bean definitions from class path resource [applicationContext-system.xml]
2012-03-29 15:42:25 - INFO - Pre-instantiating singletons in org.springframework.beans.factory.support.DefaultListableBeanFactory@7ac2b2f6: defining beans [dataSource,sqlSessionFactory,systemUsersMapper,transactionManager,transactionBase]; root of factory hierarchy
2012-03-29 15:42:25 - INFO - MLog clients using log4j logging.
2012-03-29 15:42:25 - INFO - Initializing c3p0-0.9.0 [built 11-July-2005 00:43:29 -0400; debug? true; trace: 10]
2012-03-29 15:42:26 - INFO - Initializing c3p0 pool... com.mchange.v2.c3p0.ComboPooledDataSource@6c69d02b[ acquireIncrement -> 3, acquireRetryAttempts -> 30, acquireRetryDelay -> 1000, autoCommitOnClose -> false, automaticTestTable -> null, breakAfterAcquireFailure -> false, checkoutTimeout -> 0, connectionTesterClassName -> com.mchange.v2.c3p0.impl.DefaultConnectionTester, description -> null, driverClass -> oracle.jdbc.driver.OracleDriver, factoryClassLocation -> null, forceIgnoreUnresolvedTransactions -> false, identityToken -> 6c69d02b, idleConnectionTestPeriod -> -1, initialPoolSize -> 1, jdbcUrl -> jdbc:oracle:thin:@localhost:1521:orcl, loginTimeout -> 0, maxIdleTime -> 30, maxPoolSize -> 10, maxStatements -> 0, maxStatementsPerConnection -> 0, minPoolSize -> 1, numHelperThreads -> 3, preferredTestQuery -> null, properties -> {user=******, password=******}, propertyCycle -> 300, testConnectionOnCheckin -> false, testConnectionOnCheckout -> false, usesTraditionalReflectiveProxies -> false ]
2012-03-29 15:43:44 - INFO - Refreshing org.springframework.context.support.ClassPathXmlApplicationContext@67e8a1f6: startup date [Thu Mar 29 15:43:44 GMT+08:00 2012]; root of context hierarchy
2012-03-29 15:43:44 - INFO - Loading XML bean definitions from class path resource [applicationContext.xml]
2012-03-29 15:43:44 - INFO - Loading XML bean definitions from class path resource [applicationContext-base.xml]
2012-03-29 15:43:44 - INFO - Loading XML bean definitions from class path resource [applicationContext-system.xml]
2012-03-29 15:43:44 - INFO - Pre-instantiating singletons in org.springframework.beans.factory.support.DefaultListableBeanFactory@4737371: defining beans [dataSource,sqlSessionFactory,systemUsersMapper,transactionManager,transactionBase]; root of factory hierarchy
2012-03-29 15:43:44 - INFO - MLog clients using log4j logging.
2012-03-29 15:43:44 - INFO - Initializing c3p0-0.9.0 [built 11-July-2005 00:43:29 -0400; debug? true; trace: 10]
2012-03-29 15:43:44 - INFO - Initializing c3p0 pool... com.mchange.v2.c3p0.ComboPooledDataSource@4afb6354[ acquireIncrement -> 3, acquireRetryAttempts -> 30, acquireRetryDelay -> 1000, autoCommitOnClose -> false, automaticTestTable -> null, breakAfterAcquireFailure -> false, checkoutTimeout -> 0, connectionTesterClassName -> com.mchange.v2.c3p0.impl.DefaultConnectionTester, description -> null, driverClass -> oracle.jdbc.driver.OracleDriver, factoryClassLocation -> null, forceIgnoreUnresolvedTransactions -> false, identityToken -> 4afb6354, idleConnectionTestPeriod -> -1, initialPoolSize -> 1, jdbcUrl -> jdbc:oracle:thin:@localhost:1521:orcl, loginTimeout -> 0, maxIdleTime -> 30, maxPoolSize -> 10, maxStatements -> 0, maxStatementsPerConnection -> 0, minPoolSize -> 1, numHelperThreads -> 3, preferredTestQuery -> null, properties -> {user=******, password=******}, propertyCycle -> 300, testConnectionOnCheckin -> false, testConnectionOnCheckout -> false, usesTraditionalReflectiveProxies -> false ]
2012-03-29 15:45:33 - INFO - Refreshing org.springframework.context.support.ClassPathXmlApplicationContext@59e152c5: startup date [Thu Mar 29 15:45:33 GMT+08:00 2012]; root of context hierarchy
2012-03-29 15:45:33 - INFO - Loading XML bean definitions from class path resource [applicationContext.xml]
2012-03-29 15:45:33 - INFO - Loading XML bean definitions from class path resource [applicationContext-base.xml]
2012-03-29 15:45:33 - INFO - Loading XML bean definitions from class path resource [applicationContext-system.xml]
2012-03-29 15:45:33 - INFO - Pre-instantiating singletons in org.springframework.beans.factory.support.DefaultListableBeanFactory@69e328e0: defining beans [dataSource,sqlSessionFactory,systemUsersMapper,transactionManager,transactionBase]; root of factory hierarchy
2012-03-29 15:45:33 - INFO - MLog clients using log4j logging.
2012-03-29 15:45:33 - INFO - Initializing c3p0-0.9.0 [built 11-July-2005 00:43:29 -0400; debug? true; trace: 10]
2012-03-29 15:45:34 - INFO - Initializing c3p0 pool... com.mchange.v2.c3p0.ComboPooledDataSource@3e364641[ acquireIncrement -> 3, acquireRetryAttempts -> 30, acquireRetryDelay -> 1000, autoCommitOnClose -> false, automaticTestTable -> null, breakAfterAcquireFailure -> false, checkoutTimeout -> 0, connectionTesterClassName -> com.mchange.v2.c3p0.impl.DefaultConnectionTester, description -> null, driverClass -> oracle.jdbc.driver.OracleDriver, factoryClassLocation -> null, forceIgnoreUnresolvedTransactions -> false, identityToken -> 3e364641, idleConnectionTestPeriod -> -1, initialPoolSize -> 1, jdbcUrl -> jdbc:oracle:thin:@localhost:1521:orcl, loginTimeout -> 0, maxIdleTime -> 30, maxPoolSize -> 10, maxStatements -> 0, maxStatementsPerConnection -> 0, minPoolSize -> 1, numHelperThreads -> 3, preferredTestQuery -> null, properties -> {user=******, password=******}, propertyCycle -> 300, testConnectionOnCheckin -> false, testConnectionOnCheckout -> false, usesTraditionalReflectiveProxies -> false ]
2012-03-29 15:45:44 - INFO - Refreshing org.springframework.context.support.ClassPathXmlApplicationContext@f5e0873: startup date [Thu Mar 29 15:45:44 GMT+08:00 2012]; root of context hierarchy
2012-03-29 15:45:45 - INFO - Loading XML bean definitions from class path resource [applicationContext.xml]
2012-03-29 15:45:45 - INFO - Loading XML bean definitions from class path resource [applicationContext-base.xml]
2012-03-29 15:45:45 - INFO - Loading XML bean definitions from class path resource [applicationContext-system.xml]
2012-03-29 15:45:45 - INFO - Pre-instantiating singletons in org.springframework.beans.factory.support.DefaultListableBeanFactory@5b5a5cf: defining beans [dataSource,sqlSessionFactory,systemUsersMapper,transactionManager,transactionBase]; root of factory hierarchy
2012-03-29 15:45:45 - INFO - MLog clients using log4j logging.
2012-03-29 15:45:45 - INFO - Initializing c3p0-0.9.0 [built 11-July-2005 00:43:29 -0400; debug? true; trace: 10]
2012-03-29 15:45:47 - INFO - Initializing c3p0 pool... com.mchange.v2.c3p0.ComboPooledDataSource@388698fa[ acquireIncrement -> 3, acquireRetryAttempts -> 30, acquireRetryDelay -> 1000, autoCommitOnClose -> false, automaticTestTable -> null, breakAfterAcquireFailure -> false, checkoutTimeout -> 0, connectionTesterClassName -> com.mchange.v2.c3p0.impl.DefaultConnectionTester, description -> null, driverClass -> oracle.jdbc.driver.OracleDriver, factoryClassLocation -> null, forceIgnoreUnresolvedTransactions -> false, identityToken -> 388698fa, idleConnectionTestPeriod -> -1, initialPoolSize -> 1, jdbcUrl -> jdbc:oracle:thin:@localhost:1521:orcl, loginTimeout -> 0, maxIdleTime -> 30, maxPoolSize -> 10, maxStatements -> 0, maxStatementsPerConnection -> 0, minPoolSize -> 1, numHelperThreads -> 3, preferredTestQuery -> null, properties -> {user=******, password=******}, propertyCycle -> 300, testConnectionOnCheckin -> false, testConnectionOnCheckout -> false, usesTraditionalReflectiveProxies -> false ]
2012-03-29 16:02:27 - INFO - Refreshing org.springframework.context.support.ClassPathXmlApplicationContext@67e8a1f6: startup date [Thu Mar 29 16:02:27 GMT+08:00 2012]; root of context hierarchy
2012-03-29 16:02:27 - INFO - Loading XML bean definitions from class path resource [applicationContext.xml]
2012-03-29 16:02:27 - INFO - Loading XML bean definitions from class path resource [applicationContext-base.xml]
2012-03-29 16:02:27 - INFO - Loading XML bean definitions from class path resource [applicationContext-system.xml]
2012-03-29 16:02:27 - INFO - Pre-instantiating singletons in org.springframework.beans.factory.support.DefaultListableBeanFactory@69267649: defining beans [dataSource,sqlSessionFactory,baseDomainMapper,transactionManager,transactionBase]; root of factory hierarchy
2012-03-29 16:02:27 - INFO - MLog clients using log4j logging.
2012-03-29 16:02:27 - INFO - Initializing c3p0-0.9.0 [built 11-July-2005 00:43:29 -0400; debug? true; trace: 10]
2012-03-29 16:02:28 - INFO - Destroying singletons in org.springframework.beans.factory.support.DefaultListableBeanFactory@69267649: defining beans [dataSource,sqlSessionFactory,baseDomainMapper,transactionManager,transactionBase]; root of factory hierarchy
2012-03-29 16:07:45 - INFO - Refreshing org.springframework.context.support.ClassPathXmlApplicationContext@7ca3d4cf: startup date [Thu Mar 29 16:07:45 GMT+08:00 2012]; root of context hierarchy
2012-03-29 16:07:45 - INFO - Loading XML bean definitions from class path resource [applicationContext.xml]
2012-03-29 16:07:45 - INFO - Loading XML bean definitions from class path resource [applicationContext-base.xml]
2012-03-29 16:07:45 - INFO - Loading XML bean definitions from class path resource [applicationContext-system.xml]
2012-03-29 16:07:45 - INFO - Pre-instantiating singletons in org.springframework.beans.factory.support.DefaultListableBeanFactory@48e61a35: defining beans [dataSource,sqlSessionFactory,baseDomainMapper,transactionManager,transactionBase]; root of factory hierarchy
2012-03-29 16:07:45 - INFO - MLog clients using log4j logging.
2012-03-29 16:07:46 - INFO - Initializing c3p0-0.9.0 [built 11-July-2005 00:43:29 -0400; debug? true; trace: 10]
2012-03-29 16:07:46 - INFO - Initializing c3p0 pool... com.mchange.v2.c3p0.ComboPooledDataSource@16e1eea8[ acquireIncrement -> 3, acquireRetryAttempts -> 30, acquireRetryDelay -> 1000, autoCommitOnClose -> false, automaticTestTable -> null, breakAfterAcquireFailure -> false, checkoutTimeout -> 0, connectionTesterClassName -> com.mchange.v2.c3p0.impl.DefaultConnectionTester, description -> null, driverClass -> oracle.jdbc.driver.OracleDriver, factoryClassLocation -> null, forceIgnoreUnresolvedTransactions -> false, identityToken -> 16e1eea8, idleConnectionTestPeriod -> -1, initialPoolSize -> 1, jdbcUrl -> jdbc:oracle:thin:@localhost:1521:orcl, loginTimeout -> 0, maxIdleTime -> 30, maxPoolSize -> 10, maxStatements -> 0, maxStatementsPerConnection -> 0, minPoolSize -> 1, numHelperThreads -> 3, preferredTestQuery -> null, properties -> {user=******, password=******}, propertyCycle -> 300, testConnectionOnCheckin -> false, testConnectionOnCheckout -> false, usesTraditionalReflectiveProxies -> false ]
2012-03-29 16:10:10 - INFO - Refreshing org.springframework.context.support.ClassPathXmlApplicationContext@67e8a1f6: startup date [Thu Mar 29 16:10:10 GMT+08:00 2012]; root of context hierarchy
2012-03-29 16:10:10 - INFO - Loading XML bean definitions from class path resource [applicationContext.xml]
2012-03-29 16:10:10 - INFO - Loading XML bean definitions from class path resource [applicationContext-base.xml]
2012-03-29 16:10:10 - INFO - Loading XML bean definitions from class path resource [applicationContext-system.xml]
2012-03-29 16:10:10 - INFO - Pre-instantiating singletons in org.springframework.beans.factory.support.DefaultListableBeanFactory@48e61a35: defining beans [dataSource,sqlSessionFactory,baseDomainMapper,transactionManager,transactionBase]; root of factory hierarchy
2012-03-29 16:10:10 - INFO - MLog clients using log4j logging.
2012-03-29 16:10:10 - INFO - Initializing c3p0-0.9.0 [built 11-July-2005 00:43:29 -0400; debug? true; trace: 10]
2012-03-29 16:10:11 - INFO - Initializing c3p0 pool... com.mchange.v2.c3p0.ComboPooledDataSource@2b5356d5[ acquireIncrement -> 3, acquireRetryAttempts -> 30, acquireRetryDelay -> 1000, autoCommitOnClose -> false, automaticTestTable -> null, breakAfterAcquireFailure -> false, checkoutTimeout -> 0, connectionTesterClassName -> com.mchange.v2.c3p0.impl.DefaultConnectionTester, description -> null, driverClass -> oracle.jdbc.driver.OracleDriver, factoryClassLocation -> null, forceIgnoreUnresolvedTransactions -> false, identityToken -> 2b5356d5, idleConnectionTestPeriod -> -1, initialPoolSize -> 1, jdbcUrl -> jdbc:oracle:thin:@localhost:1521:orcl, loginTimeout -> 0, maxIdleTime -> 30, maxPoolSize -> 10, maxStatements -> 0, maxStatementsPerConnection -> 0, minPoolSize -> 1, numHelperThreads -> 3, preferredTestQuery -> null, properties -> {user=******, password=******}, propertyCycle -> 300, testConnectionOnCheckin -> false, testConnectionOnCheckout -> false, usesTraditionalReflectiveProxies -> false ]
2012-03-29 16:11:57 - INFO - Refreshing org.springframework.context.support.ClassPathXmlApplicationContext@59e152c5: startup date [Thu Mar 29 16:11:57 GMT+08:00 2012]; root of context hierarchy
2012-03-29 16:11:57 - INFO - Loading XML bean definitions from class path resource [applicationContext.xml]
2012-03-29 16:11:57 - INFO - Loading XML bean definitions from class path resource [applicationContext-base.xml]
2012-03-29 16:11:57 - INFO - Loading XML bean definitions from class path resource [applicationContext-system.xml]
2012-03-29 16:11:57 - INFO - Pre-instantiating singletons in org.springframework.beans.factory.support.DefaultListableBeanFactory@48e61a35: defining beans [dataSource,sqlSessionFactory,baseDomainMapper,transactionManager,transactionBase]; root of factory hierarchy
2012-03-29 16:11:57 - INFO - MLog clients using log4j logging.
2012-03-29 16:11:57 - INFO - Initializing c3p0-0.9.0 [built 11-July-2005 00:43:29 -0400; debug? true; trace: 10]
2012-03-29 16:11:58 - INFO - Initializing c3p0 pool... com.mchange.v2.c3p0.ComboPooledDataSource@2b5356d5[ acquireIncrement -> 3, acquireRetryAttempts -> 30, acquireRetryDelay -> 1000, autoCommitOnClose -> false, automaticTestTable -> null, breakAfterAcquireFailure -> false, checkoutTimeout -> 0, connectionTesterClassName -> com.mchange.v2.c3p0.impl.DefaultConnectionTester, description -> null, driverClass -> oracle.jdbc.driver.OracleDriver, factoryClassLocation -> null, forceIgnoreUnresolvedTransactions -> false, identityToken -> 2b5356d5, idleConnectionTestPeriod -> -1, initialPoolSize -> 1, jdbcUrl -> jdbc:oracle:thin:@localhost:1521:orcl, loginTimeout -> 0, maxIdleTime -> 30, maxPoolSize -> 10, maxStatements -> 0, maxStatementsPerConnection -> 0, minPoolSize -> 1, numHelperThreads -> 3, preferredTestQuery -> null, properties -> {user=******, password=******}, propertyCycle -> 300, testConnectionOnCheckin -> false, testConnectionOnCheckout -> false, usesTraditionalReflectiveProxies -> false ]
2012-03-29 16:16:05 - INFO - Refreshing org.springframework.context.support.ClassPathXmlApplicationContext@67e8a1f6: startup date [Thu Mar 29 16:16:05 GMT+08:00 2012]; root of context hierarchy
2012-03-29 16:16:05 - INFO - Loading XML bean definitions from class path resource [applicationContext.xml]
2012-03-29 16:16:05 - INFO - Loading XML bean definitions from class path resource [applicationContext-base.xml]
2012-03-29 16:16:05 - INFO - Loading XML bean definitions from class path resource [applicationContext-system.xml]
2012-03-29 16:16:05 - INFO - Pre-instantiating singletons in org.springframework.beans.factory.support.DefaultListableBeanFactory@37a001ff: defining beans [dataSource,sqlSessionFactory,baseDomainMapper,transactionManager,transactionBase]; root of factory hierarchy
2012-03-29 16:16:05 - INFO - MLog clients using log4j logging.
2012-03-29 16:16:06 - INFO - Initializing c3p0-0.9.0 [built 11-July-2005 00:43:29 -0400; debug? true; trace: 10]
2012-03-29 16:16:06 - INFO - Initializing c3p0 pool... com.mchange.v2.c3p0.ComboPooledDataSource@4afb6354[ acquireIncrement -> 3, acquireRetryAttempts -> 30, acquireRetryDelay -> 1000, autoCommitOnClose -> false, automaticTestTable -> null, breakAfterAcquireFailure -> false, checkoutTimeout -> 0, connectionTesterClassName -> com.mchange.v2.c3p0.impl.DefaultConnectionTester, description -> null, driverClass -> oracle.jdbc.driver.OracleDriver, factoryClassLocation -> null, forceIgnoreUnresolvedTransactions -> false, identityToken -> 4afb6354, idleConnectionTestPeriod -> -1, initialPoolSize -> 1, jdbcUrl -> jdbc:oracle:thin:@localhost:1521:orcl, loginTimeout -> 0, maxIdleTime -> 30, maxPoolSize -> 10, maxStatements -> 0, maxStatementsPerConnection -> 0, minPoolSize -> 1, numHelperThreads -> 3, preferredTestQuery -> null, properties -> {user=******, password=******}, propertyCycle -> 300, testConnectionOnCheckin -> false, testConnectionOnCheckout -> false, usesTraditionalReflectiveProxies -> false ]
2012-03-29 16:17:52 - INFO - Refreshing org.springframework.context.support.ClassPathXmlApplicationContext@67e8a1f6: startup date [Thu Mar 29 16:17:52 GMT+08:00 2012]; root of context hierarchy
2012-03-29 16:17:52 - INFO - Loading XML bean definitions from class path resource [applicationContext.xml]
2012-03-29 16:17:52 - INFO - Loading XML bean definitions from class path resource [applicationContext-base.xml]
2012-03-29 16:17:52 - INFO - Loading XML bean definitions from class path resource [applicationContext-system.xml]
2012-03-29 16:17:52 - INFO - Pre-instantiating singletons in org.springframework.beans.factory.support.DefaultListableBeanFactory@37a001ff: defining beans [dataSource,sqlSessionFactory,baseDomainMapper,transactionManager,transactionBase]; root of factory hierarchy
2012-03-29 16:17:52 - INFO - MLog clients using log4j logging.
2012-03-29 16:17:52 - INFO - Initializing c3p0-0.9.0 [built 11-July-2005 00:43:29 -0400; debug? true; trace: 10]
2012-03-29 16:17:52 - INFO - Initializing c3p0 pool... com.mchange.v2.c3p0.ComboPooledDataSource@4afb6354[ acquireIncrement -> 3, acquireRetryAttempts -> 30, acquireRetryDelay -> 1000, autoCommitOnClose -> false, automaticTestTable -> null, breakAfterAcquireFailure -> false, checkoutTimeout -> 0, connectionTesterClassName -> com.mchange.v2.c3p0.impl.DefaultConnectionTester, description -> null, driverClass -> oracle.jdbc.driver.OracleDriver, factoryClassLocation -> null, forceIgnoreUnresolvedTransactions -> false, identityToken -> 4afb6354, idleConnectionTestPeriod -> -1, initialPoolSize -> 1, jdbcUrl -> jdbc:oracle:thin:@localhost:1521:orcl, loginTimeout -> 0, maxIdleTime -> 30, maxPoolSize -> 10, maxStatements -> 0, maxStatementsPerConnection -> 0, minPoolSize -> 1, numHelperThreads -> 3, preferredTestQuery -> null, properties -> {user=******, password=******}, propertyCycle -> 300, testConnectionOnCheckin -> false, testConnectionOnCheckout -> false, usesTraditionalReflectiveProxies -> false ]
2012-03-29 16:18:52 - INFO - Refreshing org.springframework.context.support.ClassPathXmlApplicationContext@67e8a1f6: startup date [Thu Mar 29 16:18:52 GMT+08:00 2012]; root of context hierarchy
2012-03-29 16:18:52 - INFO - Loading XML bean definitions from class path resource [applicationContext.xml]
2012-03-29 16:18:52 - INFO - Loading XML bean definitions from class path resource [applicationContext-base.xml]
2012-03-29 16:18:52 - INFO - Loading XML bean definitions from class path resource [applicationContext-system.xml]
2012-03-29 16:18:53 - INFO - Pre-instantiating singletons in org.springframework.beans.factory.support.DefaultListableBeanFactory@48e61a35: defining beans [dataSource,sqlSessionFactory,baseDomainMapper,transactionManager,transactionBase]; root of factory hierarchy
2012-03-29 16:18:53 - INFO - MLog clients using log4j logging.
2012-03-29 16:18:53 - INFO - Initializing c3p0-0.9.0 [built 11-July-2005 00:43:29 -0400; debug? true; trace: 10]
2012-03-29 16:18:53 - INFO - Initializing c3p0 pool... com.mchange.v2.c3p0.ComboPooledDataSource@6c69d02b[ acquireIncrement -> 3, acquireRetryAttempts -> 30, acquireRetryDelay -> 1000, autoCommitOnClose -> false, automaticTestTable -> null, breakAfterAcquireFailure -> false, checkoutTimeout -> 0, connectionTesterClassName -> com.mchange.v2.c3p0.impl.DefaultConnectionTester, description -> null, driverClass -> oracle.jdbc.driver.OracleDriver, factoryClassLocation -> null, forceIgnoreUnresolvedTransactions -> false, identityToken -> 6c69d02b, idleConnectionTestPeriod -> -1, initialPoolSize -> 1, jdbcUrl -> jdbc:oracle:thin:@localhost:1521:orcl, loginTimeout -> 0, maxIdleTime -> 30, maxPoolSize -> 10, maxStatements -> 0, maxStatementsPerConnection -> 0, minPoolSize -> 1, numHelperThreads -> 3, preferredTestQuery -> null, properties -> {user=******, password=******}, propertyCycle -> 300, testConnectionOnCheckin -> false, testConnectionOnCheckout -> false, usesTraditionalReflectiveProxies -> false ]
2012-03-29 16:25:30 - INFO - Refreshing org.springframework.context.support.ClassPathXmlApplicationContext@67e8a1f6: startup date [Thu Mar 29 16:25:30 GMT+08:00 2012]; root of context hierarchy
2012-03-29 16:25:30 - INFO - Loading XML bean definitions from class path resource [applicationContext.xml]
2012-03-29 16:25:31 - INFO - Loading XML bean definitions from class path resource [applicationContext-base.xml]
2012-03-29 16:25:31 - INFO - Loading XML bean definitions from class path resource [applicationContext-system.xml]
2012-03-29 16:25:31 - INFO - Pre-instantiating singletons in org.springframework.beans.factory.support.DefaultListableBeanFactory@4737371: defining beans [dataSource,sqlSessionFactory,baseDomainMapper,transactionManager,transactionBase]; root of factory hierarchy
2012-03-29 16:25:31 - INFO - MLog clients using log4j logging.
2012-03-29 16:25:31 - INFO - Initializing c3p0-0.9.0 [built 11-July-2005 00:43:29 -0400; debug? true; trace: 10]
2012-03-29 16:25:31 - INFO - Initializing c3p0 pool... com.mchange.v2.c3p0.ComboPooledDataSource@3e364641[ acquireIncrement -> 3, acquireRetryAttempts -> 30, acquireRetryDelay -> 1000, autoCommitOnClose -> false, automaticTestTable -> null, breakAfterAcquireFailure -> false, checkoutTimeout -> 0, connectionTesterClassName -> com.mchange.v2.c3p0.impl.DefaultConnectionTester, description -> null, driverClass -> oracle.jdbc.driver.OracleDriver, factoryClassLocation -> null, forceIgnoreUnresolvedTransactions -> false, identityToken -> 3e364641, idleConnectionTestPeriod -> -1, initialPoolSize -> 1, jdbcUrl -> jdbc:oracle:thin:@localhost:1521:orcl, loginTimeout -> 0, maxIdleTime -> 30, maxPoolSize -> 10, maxStatements -> 0, maxStatementsPerConnection -> 0, minPoolSize -> 1, numHelperThreads -> 3, preferredTestQuery -> null, properties -> {user=******, password=******}, propertyCycle -> 300, testConnectionOnCheckin -> false, testConnectionOnCheckout -> false, usesTraditionalReflectiveProxies -> false ]
2012-03-29 16:26:02 - INFO - Refreshing org.springframework.context.support.ClassPathXmlApplicationContext@67e8a1f6: startup date [Thu Mar 29 16:26:02 GMT+08:00 2012]; root of context hierarchy
2012-03-29 16:26:02 - INFO - Loading XML bean definitions from class path resource [applicationContext.xml]
2012-03-29 16:26:02 - INFO - Loading XML bean definitions from class path resource [applicationContext-base.xml]
2012-03-29 16:26:02 - INFO - Loading XML bean definitions from class path resource [applicationContext-system.xml]
2012-03-29 16:26:03 - INFO - Pre-instantiating singletons in org.springframework.beans.factory.support.DefaultListableBeanFactory@5eb7ec5d: defining beans [dataSource,sqlSessionFactory,baseDomainMapper,transactionManager,transactionBase]; root of factory hierarchy
2012-03-29 16:26:03 - INFO - MLog clients using log4j logging.
2012-03-29 16:26:03 - INFO - Initializing c3p0-0.9.0 [built 11-July-2005 00:43:29 -0400; debug? true; trace: 10]
2012-03-29 16:26:03 - INFO - Initializing c3p0 pool... com.mchange.v2.c3p0.ComboPooledDataSource@688a548b[ acquireIncrement -> 3, acquireRetryAttempts -> 30, acquireRetryDelay -> 1000, autoCommitOnClose -> false, automaticTestTable -> null, breakAfterAcquireFailure -> false, checkoutTimeout -> 0, connectionTesterClassName -> com.mchange.v2.c3p0.impl.DefaultConnectionTester, description -> null, driverClass -> oracle.jdbc.driver.OracleDriver, factoryClassLocation -> null, forceIgnoreUnresolvedTransactions -> false, identityToken -> 688a548b, idleConnectionTestPeriod -> -1, initialPoolSize -> 1, jdbcUrl -> jdbc:oracle:thin:@localhost:1521:orcl, loginTimeout -> 0, maxIdleTime -> 30, maxPoolSize -> 10, maxStatements -> 0, maxStatementsPerConnection -> 0, minPoolSize -> 1, numHelperThreads -> 3, preferredTestQuery -> null, properties -> {user=******, password=******}, propertyCycle -> 300, testConnectionOnCheckin -> false, testConnectionOnCheckout -> false, usesTraditionalReflectiveProxies -> false ]
2012-03-29 16:28:23 - INFO - Refreshing org.springframework.context.support.ClassPathXmlApplicationContext@59e152c5: startup date [Thu Mar 29 16:28:23 GMT+08:00 2012]; root of context hierarchy
2012-03-29 16:28:23 - INFO - Loading XML bean definitions from class path resource [applicationContext.xml]
2012-03-29 16:28:23 - INFO - Loading XML bean definitions from class path resource [applicationContext-base.xml]
2012-03-29 16:28:23 - INFO - Loading XML bean definitions from class path resource [applicationContext-system.xml]
2012-03-29 16:28:23 - INFO - Pre-instantiating singletons in org.springframework.beans.factory.support.DefaultListableBeanFactory@7cfefe3f: defining beans [dataSource,sqlSessionFactory,baseDomainMapper,transactionManager,transactionBase]; root of factory hierarchy
2012-03-29 16:28:23 - INFO - MLog clients using log4j logging.
2012-03-29 16:28:23 - INFO - Initializing c3p0-0.9.0 [built 11-July-2005 00:43:29 -0400; debug? true; trace: 10]
2012-03-29 16:28:23 - INFO - Initializing c3p0 pool... com.mchange.v2.c3p0.ComboPooledDataSource@2b5356d5[ acquireIncrement -> 3, acquireRetryAttempts -> 30, acquireRetryDelay -> 1000, autoCommitOnClose -> false, automaticTestTable -> null, breakAfterAcquireFailure -> false, checkoutTimeout -> 0, connectionTesterClassName -> com.mchange.v2.c3p0.impl.DefaultConnectionTester, description -> null, driverClass -> oracle.jdbc.driver.OracleDriver, factoryClassLocation -> null, forceIgnoreUnresolvedTransactions -> false, identityToken -> 2b5356d5, idleConnectionTestPeriod -> -1, initialPoolSize -> 1, jdbcUrl -> jdbc:oracle:thin:@localhost:1521:orcl, loginTimeout -> 0, maxIdleTime -> 30, maxPoolSize -> 10, maxStatements -> 0, maxStatementsPerConnection -> 0, minPoolSize -> 1, numHelperThreads -> 3, preferredTestQuery -> null, properties -> {user=******, password=******}, propertyCycle -> 300, testConnectionOnCheckin -> false, testConnectionOnCheckout -> false, usesTraditionalReflectiveProxies -> false ]
2012-03-29 16:29:28 - INFO - Refreshing org.springframework.context.support.ClassPathXmlApplicationContext@67e8a1f6: startup date [Thu Mar 29 16:29:28 GMT+08:00 2012]; root of context hierarchy
2012-03-29 16:29:28 - INFO - Loading XML bean definitions from class path resource [applicationContext.xml]
2012-03-29 16:29:28 - INFO - Loading XML bean definitions from class path resource [applicationContext-base.xml]
2012-03-29 16:29:28 - INFO - Loading XML bean definitions from class path resource [applicationContext-system.xml]
2012-03-29 16:29:28 - INFO - Pre-instantiating singletons in org.springframework.beans.factory.support.DefaultListableBeanFactory@48e61a35: defining beans [dataSource,sqlSessionFactory,baseDomainMapper,transactionManager,transactionBase]; root of factory hierarchy
2012-03-29 16:29:28 - INFO - MLog clients using log4j logging.
2012-03-29 16:29:28 - INFO - Initializing c3p0-0.9.0 [built 11-July-2005 00:43:29 -0400; debug? true; trace: 10]
2012-03-29 16:29:29 - INFO - Initializing c3p0 pool... com.mchange.v2.c3p0.ComboPooledDataSource@2b5356d5[ acquireIncrement -> 3, acquireRetryAttempts -> 30, acquireRetryDelay -> 1000, autoCommitOnClose -> false, automaticTestTable -> null, breakAfterAcquireFailure -> false, checkoutTimeout -> 0, connectionTesterClassName -> com.mchange.v2.c3p0.impl.DefaultConnectionTester, description -> null, driverClass -> oracle.jdbc.driver.OracleDriver, factoryClassLocation -> null, forceIgnoreUnresolvedTransactions -> false, identityToken -> 2b5356d5, idleConnectionTestPeriod -> -1, initialPoolSize -> 1, jdbcUrl -> jdbc:oracle:thin:@localhost:1521:orcl, loginTimeout -> 0, maxIdleTime -> 30, maxPoolSize -> 10, maxStatements -> 0, maxStatementsPerConnection -> 0, minPoolSize -> 1, numHelperThreads -> 3, preferredTestQuery -> null, properties -> {user=******, password=******}, propertyCycle -> 300, testConnectionOnCheckin -> false, testConnectionOnCheckout -> false, usesTraditionalReflectiveProxies -> false ]
2012-03-29 16:32:15 - INFO - Refreshing org.springframework.context.support.ClassPathXmlApplicationContext@67e8a1f6: startup date [Thu Mar 29 16:32:15 GMT+08:00 2012]; root of context hierarchy
2012-03-29 16:32:15 - INFO - Loading XML bean definitions from class path resource [applicationContext.xml]
2012-03-29 16:32:16 - INFO - Loading XML bean definitions from class path resource [applicationContext-base.xml]
2012-03-29 16:32:16 - INFO - Loading XML bean definitions from class path resource [applicationContext-system.xml]
2012-03-29 16:32:16 - INFO - Pre-instantiating singletons in org.springframework.beans.factory.support.DefaultListableBeanFactory@7ac2b2f6: defining beans [dataSource,sqlSessionFactory,baseDomainMapper,transactionManager,transactionBase]; root of factory hierarchy
2012-03-29 16:32:16 - INFO - MLog clients using log4j logging.
2012-03-29 16:32:16 - INFO - Initializing c3p0-0.9.0 [built 11-July-2005 00:43:29 -0400; debug? true; trace: 10]
2012-03-29 16:32:16 - INFO - Initializing c3p0 pool... com.mchange.v2.c3p0.ComboPooledDataSource@4afb6354[ acquireIncrement -> 3, acquireRetryAttempts -> 30, acquireRetryDelay -> 1000, autoCommitOnClose -> false, automaticTestTable -> null, breakAfterAcquireFailure -> false, checkoutTimeout -> 0, connectionTesterClassName -> com.mchange.v2.c3p0.impl.DefaultConnectionTester, description -> null, driverClass -> oracle.jdbc.driver.OracleDriver, factoryClassLocation -> null, forceIgnoreUnresolvedTransactions -> false, identityToken -> 4afb6354, idleConnectionTestPeriod -> -1, initialPoolSize -> 1, jdbcUrl -> jdbc:oracle:thin:@localhost:1521:orcl, loginTimeout -> 0, maxIdleTime -> 30, maxPoolSize -> 10, maxStatements -> 0, maxStatementsPerConnection -> 0, minPoolSize -> 1, numHelperThreads -> 3, preferredTestQuery -> null, properties -> {user=******, password=******}, propertyCycle -> 300, testConnectionOnCheckin -> false, testConnectionOnCheckout -> false, usesTraditionalReflectiveProxies -> false ]
2012-03-29 16:33:00 - INFO - Refreshing org.springframework.context.support.ClassPathXmlApplicationContext@67e8a1f6: startup date [Thu Mar 29 16:33:00 GMT+08:00 2012]; root of context hierarchy
2012-03-29 16:33:00 - INFO - Loading XML bean definitions from class path resource [applicationContext.xml]
2012-03-29 16:33:01 - INFO - Loading XML bean definitions from class path resource [applicationContext-base.xml]
2012-03-29 16:33:01 - INFO - Loading XML bean definitions from class path resource [applicationContext-system.xml]
2012-03-29 16:33:01 - INFO - Pre-instantiating singletons in org.springframework.beans.factory.support.DefaultListableBeanFactory@69e328e0: defining beans [dataSource,sqlSessionFactory,baseDomainMapper,transactionManager,transactionBase]; root of factory hierarchy
2012-03-29 16:33:01 - INFO - MLog clients using log4j logging.
2012-03-29 16:33:01 - INFO - Initializing c3p0-0.9.0 [built 11-July-2005 00:43:29 -0400; debug? true; trace: 10]
2012-03-29 16:33:01 - INFO - Initializing c3p0 pool... com.mchange.v2.c3p0.ComboPooledDataSource@2f87c55c[ acquireIncrement -> 3, acquireRetryAttempts -> 30, acquireRetryDelay -> 1000, autoCommitOnClose -> false, automaticTestTable -> null, breakAfterAcquireFailure -> false, checkoutTimeout -> 0, connectionTesterClassName -> com.mchange.v2.c3p0.impl.DefaultConnectionTester, description -> null, driverClass -> oracle.jdbc.driver.OracleDriver, factoryClassLocation -> null, forceIgnoreUnresolvedTransactions -> false, identityToken -> 2f87c55c, idleConnectionTestPeriod -> -1, initialPoolSize -> 1, jdbcUrl -> jdbc:oracle:thin:@localhost:1521:orcl, loginTimeout -> 0, maxIdleTime -> 30, maxPoolSize -> 10, maxStatements -> 0, maxStatementsPerConnection -> 0, minPoolSize -> 1, numHelperThreads -> 3, preferredTestQuery -> null, properties -> {user=******, password=******}, propertyCycle -> 300, testConnectionOnCheckin -> false, testConnectionOnCheckout -> false, usesTraditionalReflectiveProxies -> false ]
2012-03-29 16:36:31 - INFO - Refreshing org.springframework.context.support.ClassPathXmlApplicationContext@67e8a1f6: startup date [Thu Mar 29 16:36:31 GMT+08:00 2012]; root of context hierarchy
2012-03-29 16:36:31 - INFO - Loading XML bean definitions from class path resource [applicationContext.xml]
2012-03-29 16:36:31 - INFO - Loading XML bean definitions from class path resource [applicationContext-base.xml]
2012-03-29 16:36:31 - INFO - Loading XML bean definitions from class path resource [applicationContext-system.xml]
2012-03-29 16:36:31 - INFO - Pre-instantiating singletons in org.springframework.beans.factory.support.DefaultListableBeanFactory@48e61a35: defining beans [dataSource,sqlSessionFactory,baseDomainMapper,transactionManager,transactionBase]; root of factory hierarchy
2012-03-29 16:36:31 - INFO - MLog clients using log4j logging.
2012-03-29 16:36:31 - INFO - Initializing c3p0-0.9.0 [built 11-July-2005 00:43:29 -0400; debug? true; trace: 10]
2012-03-29 16:36:32 - INFO - Initializing c3p0 pool... com.mchange.v2.c3p0.ComboPooledDataSource@16e1eea8[ acquireIncrement -> 3, acquireRetryAttempts -> 30, acquireRetryDelay -> 1000, autoCommitOnClose -> false, automaticTestTable -> null, breakAfterAcquireFailure -> false, checkoutTimeout -> 0, connectionTesterClassName -> com.mchange.v2.c3p0.impl.DefaultConnectionTester, description -> null, driverClass -> oracle.jdbc.driver.OracleDriver, factoryClassLocation -> null, forceIgnoreUnresolvedTransactions -> false, identityToken -> 16e1eea8, idleConnectionTestPeriod -> -1, initialPoolSize -> 1, jdbcUrl -> jdbc:oracle:thin:@localhost:1521:orcl, loginTimeout -> 0, maxIdleTime -> 30, maxPoolSize -> 10, maxStatements -> 0, maxStatementsPerConnection -> 0, minPoolSize -> 1, numHelperThreads -> 3, preferredTestQuery -> null, properties -> {user=******, password=******}, propertyCycle -> 300, testConnectionOnCheckin -> false, testConnectionOnCheckout -> false, usesTraditionalReflectiveProxies -> false ]
2012-03-29 16:48:01 - INFO - Refreshing org.springframework.context.support.ClassPathXmlApplicationContext@67e8a1f6: startup date [Thu Mar 29 16:48:01 GMT+08:00 2012]; root of context hierarchy
2012-03-29 16:48:01 - INFO - Loading XML bean definitions from class path resource [applicationContext.xml]
2012-03-29 16:48:02 - INFO - Loading XML bean definitions from class path resource [applicationContext-base.xml]
2012-03-29 16:48:02 - INFO - Loading XML bean definitions from class path resource [applicationContext-system.xml]
2012-03-29 16:48:02 - INFO - Pre-instantiating singletons in org.springframework.beans.factory.support.DefaultListableBeanFactory@5eb7ec5d: defining beans [dataSource,sqlSessionFactory,baseDomainMapper,transactionManager,transactionBase]; root of factory hierarchy
2012-03-29 16:48:02 - INFO - MLog clients using log4j logging.
2012-03-29 16:48:02 - INFO - Initializing c3p0-0.9.0 [built 11-July-2005 00:43:29 -0400; debug? true; trace: 10]
2012-03-29 16:48:02 - INFO - Initializing c3p0 pool... com.mchange.v2.c3p0.ComboPooledDataSource@51b4a74b[ acquireIncrement -> 3, acquireRetryAttempts -> 30, acquireRetryDelay -> 1000, autoCommitOnClose -> false, automaticTestTable -> null, breakAfterAcquireFailure -> false, checkoutTimeout -> 0, connectionTesterClassName -> com.mchange.v2.c3p0.impl.DefaultConnectionTester, description -> null, driverClass -> oracle.jdbc.driver.OracleDriver, factoryClassLocation -> null, forceIgnoreUnresolvedTransactions -> false, identityToken -> 51b4a74b, idleConnectionTestPeriod -> -1, initialPoolSize -> 1, jdbcUrl -> jdbc:oracle:thin:@localhost:1521:orcl, loginTimeout -> 0, maxIdleTime -> 30, maxPoolSize -> 10, maxStatements -> 0, maxStatementsPerConnection -> 0, minPoolSize -> 1, numHelperThreads -> 3, preferredTestQuery -> null, properties -> {user=******, password=******}, propertyCycle -> 300, testConnectionOnCheckin -> false, testConnectionOnCheckout -> false, usesTraditionalReflectiveProxies -> false ]
2012-03-29 17:04:14 - INFO - Refreshing org.springframework.context.support.ClassPathXmlApplicationContext@67e8a1f6: startup date [Thu Mar 29 17:04:14 GMT+08:00 2012]; root of context hierarchy
2012-03-29 17:04:14 - INFO - Loading XML bean definitions from class path resource [applicationContext.xml]
2012-03-29 17:04:14 - INFO - Loading XML bean definitions from class path resource [applicationContext-base.xml]
2012-03-29 17:04:14 - INFO - Loading XML bean definitions from class path resource [applicationContext-system.xml]
2012-03-29 17:04:14 - INFO - Pre-instantiating singletons in org.springframework.beans.factory.support.DefaultListableBeanFactory@69e328e0: defining beans [dataSource,sqlSessionFactory,baseDomainMapper,transactionManager,transactionBase]; root of factory hierarchy
2012-03-29 17:04:14 - INFO - MLog clients using log4j logging.
2012-03-29 17:04:14 - INFO - Initializing c3p0-0.9.0 [built 11-July-2005 00:43:29 -0400; debug? true; trace: 10]
2012-03-29 17:04:15 - INFO - Initializing c3p0 pool... com.mchange.v2.c3p0.ComboPooledDataSource@5d3e754f[ acquireIncrement -> 3, acquireRetryAttempts -> 30, acquireRetryDelay -> 1000, autoCommitOnClose -> false, automaticTestTable -> null, breakAfterAcquireFailure -> false, checkoutTimeout -> 0, connectionTesterClassName -> com.mchange.v2.c3p0.impl.DefaultConnectionTester, description -> null, driverClass -> oracle.jdbc.driver.OracleDriver, factoryClassLocation -> null, forceIgnoreUnresolvedTransactions -> false, identityToken -> 5d3e754f, idleConnectionTestPeriod -> -1, initialPoolSize -> 1, jdbcUrl -> jdbc:oracle:thin:@localhost:1521:orcl, loginTimeout -> 0, maxIdleTime -> 30, maxPoolSize -> 10, maxStatements -> 0, maxStatementsPerConnection -> 0, minPoolSize -> 1, numHelperThreads -> 3, preferredTestQuery -> null, properties -> {user=******, password=******}, propertyCycle -> 300, testConnectionOnCheckin -> false, testConnectionOnCheckout -> false, usesTraditionalReflectiveProxies -> false ]
2012-03-29 17:08:06 - INFO - Refreshing org.springframework.context.support.ClassPathXmlApplicationContext@67e8a1f6: startup date [Thu Mar 29 17:08:06 GMT+08:00 2012]; root of context hierarchy
2012-03-29 17:08:06 - INFO - Loading XML bean definitions from class path resource [applicationContext.xml]
2012-03-29 17:08:06 - INFO - Loading XML bean definitions from class path resource [applicationContext-base.xml]
2012-03-29 17:08:06 - INFO - Loading XML bean definitions from class path resource [applicationContext-system.xml]
2012-03-29 17:08:06 - INFO - Pre-instantiating singletons in org.springframework.beans.factory.support.DefaultListableBeanFactory@4090c06f: defining beans [dataSource,sqlSessionFactory,baseDomainMapper,transactionManager,transactionBase]; root of factory hierarchy
2012-03-29 17:08:06 - INFO - MLog clients using log4j logging.
2012-03-29 17:08:06 - INFO - Initializing c3p0-0.9.0 [built 11-July-2005 00:43:29 -0400; debug? true; trace: 10]
2012-03-29 17:08:07 - INFO - Initializing c3p0 pool... com.mchange.v2.c3p0.ComboPooledDataSource@5d3e754f[ acquireIncrement -> 3, acquireRetryAttempts -> 30, acquireRetryDelay -> 1000, autoCommitOnClose -> false, automaticTestTable -> null, breakAfterAcquireFailure -> false, checkoutTimeout -> 0, connectionTesterClassName -> com.mchange.v2.c3p0.impl.DefaultConnectionTester, description -> null, driverClass -> oracle.jdbc.driver.OracleDriver, factoryClassLocation -> null, forceIgnoreUnresolvedTransactions -> false, identityToken -> 5d3e754f, idleConnectionTestPeriod -> -1, initialPoolSize -> 1, jdbcUrl -> jdbc:oracle:thin:@localhost:1521:orcl, loginTimeout -> 0, maxIdleTime -> 30, maxPoolSize -> 10, maxStatements -> 0, maxStatementsPerConnection -> 0, minPoolSize -> 1, numHelperThreads -> 3, preferredTestQuery -> null, properties -> {user=******, password=******}, propertyCycle -> 300, testConnectionOnCheckin -> false, testConnectionOnCheckout -> false, usesTraditionalReflectiveProxies -> false ]
2012-03-29 17:09:21 - INFO - Refreshing org.springframework.context.support.ClassPathXmlApplicationContext@59e152c5: startup date [Thu Mar 29 17:09:21 GMT+08:00 2012]; root of context hierarchy
2012-03-29 17:09:21 - INFO - Loading XML bean definitions from class path resource [applicationContext.xml]
2012-03-29 17:09:21 - INFO - Loading XML bean definitions from class path resource [applicationContext-base.xml]
2012-03-29 17:09:21 - INFO - Loading XML bean definitions from class path resource [applicationContext-system.xml]
2012-03-29 17:09:21 - INFO - Pre-instantiating singletons in org.springframework.beans.factory.support.DefaultListableBeanFactory@5eb7ec5d: defining beans [dataSource,sqlSessionFactory,baseDomainMapper,transactionManager,transactionBase]; root of factory hierarchy
2012-03-29 17:09:21 - INFO - MLog clients using log4j logging.
2012-03-29 17:09:21 - INFO - Initializing c3p0-0.9.0 [built 11-July-2005 00:43:29 -0400; debug? true; trace: 10]
2012-03-29 17:09:22 - INFO - Initializing c3p0 pool... com.mchange.v2.c3p0.ComboPooledDataSource@2b5356d5[ acquireIncrement -> 3, acquireRetryAttempts -> 30, acquireRetryDelay -> 1000, autoCommitOnClose -> false, automaticTestTable -> null, breakAfterAcquireFailure -> false, checkoutTimeout -> 0, connectionTesterClassName -> com.mchange.v2.c3p0.impl.DefaultConnectionTester, description -> null, driverClass -> oracle.jdbc.driver.OracleDriver, factoryClassLocation -> null, forceIgnoreUnresolvedTransactions -> false, identityToken -> 2b5356d5, idleConnectionTestPeriod -> -1, initialPoolSize -> 1, jdbcUrl -> jdbc:oracle:thin:@localhost:1521:orcl, loginTimeout -> 0, maxIdleTime -> 30, maxPoolSize -> 10, maxStatements -> 0, maxStatementsPerConnection -> 0, minPoolSize -> 1, numHelperThreads -> 3, preferredTestQuery -> null, properties -> {user=******, password=******}, propertyCycle -> 300, testConnectionOnCheckin -> false, testConnectionOnCheckout -> false, usesTraditionalReflectiveProxies -> false ]
2012-03-29 17:10:09 - INFO - Refreshing org.springframework.context.support.ClassPathXmlApplicationContext@59e152c5: startup date [Thu Mar 29 17:10:09 GMT+08:00 2012]; root of context hierarchy
2012-03-29 17:10:09 - INFO - Loading XML bean definitions from class path resource [applicationContext.xml]
2012-03-29 17:10:09 - INFO - Loading XML bean definitions from class path resource [applicationContext-base.xml]
2012-03-29 17:10:09 - INFO - Loading XML bean definitions from class path resource [applicationContext-system.xml]
2012-03-29 17:10:09 - INFO - Pre-instantiating singletons in org.springframework.beans.factory.support.DefaultListableBeanFactory@7cfefe3f: defining beans [dataSource,sqlSessionFactory,baseDomainMapper,transactionManager,transactionBase]; root of factory hierarchy
2012-03-29 17:10:09 - INFO - MLog clients using log4j logging.
2012-03-29 17:10:09 - INFO - Initializing c3p0-0.9.0 [built 11-July-2005 00:43:29 -0400; debug? true; trace: 10]
2012-03-29 17:10:10 - INFO - Initializing c3p0 pool... com.mchange.v2.c3p0.ComboPooledDataSource@2b5356d5[ acquireIncrement -> 3, acquireRetryAttempts -> 30, acquireRetryDelay -> 1000, autoCommitOnClose -> false, automaticTestTable -> null, breakAfterAcquireFailure -> false, checkoutTimeout -> 0, connectionTesterClassName -> com.mchange.v2.c3p0.impl.DefaultConnectionTester, description -> null, driverClass -> oracle.jdbc.driver.OracleDriver, factoryClassLocation -> null, forceIgnoreUnresolvedTransactions -> false, identityToken -> 2b5356d5, idleConnectionTestPeriod -> -1, initialPoolSize -> 1, jdbcUrl -> jdbc:oracle:thin:@localhost:1521:orcl, loginTimeout -> 0, maxIdleTime -> 30, maxPoolSize -> 10, maxStatements -> 0, maxStatementsPerConnection -> 0, minPoolSize -> 1, numHelperThreads -> 3, preferredTestQuery -> null, properties -> {user=******, password=******}, propertyCycle -> 300, testConnectionOnCheckin -> false, testConnectionOnCheckout -> false, usesTraditionalReflectiveProxies -> false ]
2012-03-29 17:10:53 - INFO - Refreshing org.springframework.context.support.ClassPathXmlApplicationContext@7ca3d4cf: startup date [Thu Mar 29 17:10:53 GMT+08:00 2012]; root of context hierarchy
2012-03-29 17:10:53 - INFO - Loading XML bean definitions from class path resource [applicationContext.xml]
2012-03-29 17:10:53 - INFO - Loading XML bean definitions from class path resource [applicationContext-base.xml]
2012-03-29 17:10:53 - INFO - Loading XML bean definitions from class path resource [applicationContext-system.xml]
2012-03-29 17:10:53 - INFO - Pre-instantiating singletons in org.springframework.beans.factory.support.DefaultListableBeanFactory@7cfefe3f: defining beans [dataSource,sqlSessionFactory,baseDomainMapper,transactionManager,transactionBase]; root of factory hierarchy
2012-03-29 17:10:53 - INFO - MLog clients using log4j logging.
2012-03-29 17:10:53 - INFO - Initializing c3p0-0.9.0 [built 11-July-2005 00:43:29 -0400; debug? true; trace: 10]
2012-03-29 17:10:54 - INFO - Initializing c3p0 pool... com.mchange.v2.c3p0.ComboPooledDataSource@2b5356d5[ acquireIncrement -> 3, acquireRetryAttempts -> 30, acquireRetryDelay -> 1000, autoCommitOnClose -> false, automaticTestTable -> null, breakAfterAcquireFailure -> false, checkoutTimeout -> 0, connectionTesterClassName -> com.mchange.v2.c3p0.impl.DefaultConnectionTester, description -> null, driverClass -> oracle.jdbc.driver.OracleDriver, factoryClassLocation -> null, forceIgnoreUnresolvedTransactions -> false, identityToken -> 2b5356d5, idleConnectionTestPeriod -> -1, initialPoolSize -> 1, jdbcUrl -> jdbc:oracle:thin:@localhost:1521:orcl, loginTimeout -> 0, maxIdleTime -> 30, maxPoolSize -> 10, maxStatements -> 0, maxStatementsPerConnection -> 0, minPoolSize -> 1, numHelperThreads -> 3, preferredTestQuery -> null, properties -> {user=******, password=******}, propertyCycle -> 300, testConnectionOnCheckin -> false, testConnectionOnCheckout -> false, usesTraditionalReflectiveProxies -> false ]
2012-03-29 17:13:17 - INFO - Refreshing org.springframework.context.support.ClassPathXmlApplicationContext@7ca3d4cf: startup date [Thu Mar 29 17:13:17 GMT+08:00 2012]; root of context hierarchy
2012-03-29 17:13:17 - INFO - Loading XML bean definitions from class path resource [applicationContext.xml]
2012-03-29 17:13:18 - INFO - Loading XML bean definitions from class path resource [applicationContext-base.xml]
2012-03-29 17:13:18 - INFO - Loading XML bean definitions from class path resource [applicationContext-system.xml]
2012-03-29 17:13:18 - INFO - Pre-instantiating singletons in org.springframework.beans.factory.support.DefaultListableBeanFactory@7ac2b2f6: defining beans [dataSource,sqlSessionFactory,baseDomainMapper,transactionManager,transactionBase]; root of factory hierarchy
2012-03-29 17:13:18 - INFO - MLog clients using log4j logging.
2012-03-29 17:13:18 - INFO - Initializing c3p0-0.9.0 [built 11-July-2005 00:43:29 -0400; debug? true; trace: 10]
2012-03-29 17:13:18 - INFO - Initializing c3p0 pool... com.mchange.v2.c3p0.ComboPooledDataSource@4afb6354[ acquireIncrement -> 3, acquireRetryAttempts -> 30, acquireRetryDelay -> 1000, autoCommitOnClose -> false, automaticTestTable -> null, breakAfterAcquireFailure -> false, checkoutTimeout -> 0, connectionTesterClassName -> com.mchange.v2.c3p0.impl.DefaultConnectionTester, description -> null, driverClass -> oracle.jdbc.driver.OracleDriver, factoryClassLocation -> null, forceIgnoreUnresolvedTransactions -> false, identityToken -> 4afb6354, idleConnectionTestPeriod -> -1, initialPoolSize -> 1, jdbcUrl -> jdbc:oracle:thin:@localhost:1521:orcl, loginTimeout -> 0, maxIdleTime -> 30, maxPoolSize -> 10, maxStatements -> 0, maxStatementsPerConnection -> 0, minPoolSize -> 1, numHelperThreads -> 3, preferredTestQuery -> null, properties -> {user=******, password=******}, propertyCycle -> 300, testConnectionOnCheckin -> false, testConnectionOnCheckout -> false, usesTraditionalReflectiveProxies -> false ]
2012-03-29 17:15:34 - INFO - Refreshing org.springframework.context.support.ClassPathXmlApplicationContext@67e8a1f6: startup date [Thu Mar 29 17:15:34 GMT+08:00 2012]; root of context hierarchy
2012-03-29 17:15:34 - INFO - Loading XML bean definitions from class path resource [applicationContext.xml]
2012-03-29 17:15:34 - INFO - Loading XML bean definitions from class path resource [applicationContext-base.xml]
2012-03-29 17:15:34 - INFO - Loading XML bean definitions from class path resource [applicationContext-system.xml]
2012-03-29 17:15:34 - INFO - Pre-instantiating singletons in org.springframework.beans.factory.support.DefaultListableBeanFactory@4737371: defining beans [dataSource,sqlSessionFactory,baseDomainMapper,transactionManager,transactionBase]; root of factory hierarchy
2012-03-29 17:15:34 - INFO - MLog clients using log4j logging.
2012-03-29 17:15:34 - INFO - Initializing c3p0-0.9.0 [built 11-July-2005 00:43:29 -0400; debug? true; trace: 10]
2012-03-29 17:15:35 - INFO - Initializing c3p0 pool... com.mchange.v2.c3p0.ComboPooledDataSource@16e1eea8[ acquireIncrement -> 3, acquireRetryAttempts -> 30, acquireRetryDelay -> 1000, autoCommitOnClose -> false, automaticTestTable -> null, breakAfterAcquireFailure -> false, checkoutTimeout -> 0, connectionTesterClassName -> com.mchange.v2.c3p0.impl.DefaultConnectionTester, description -> null, driverClass -> oracle.jdbc.driver.OracleDriver, factoryClassLocation -> null, forceIgnoreUnresolvedTransactions -> false, identityToken -> 16e1eea8, idleConnectionTestPeriod -> -1, initialPoolSize -> 1, jdbcUrl -> jdbc:oracle:thin:@localhost:1521:orcl, loginTimeout -> 0, maxIdleTime -> 30, maxPoolSize -> 10, maxStatements -> 0, maxStatementsPerConnection -> 0, minPoolSize -> 1, numHelperThreads -> 3, preferredTestQuery -> null, properties -> {user=******, password=******}, propertyCycle -> 300, testConnectionOnCheckin -> false, testConnectionOnCheckout -> false, usesTraditionalReflectiveProxies -> false ]
2012-03-29 17:15:45 - INFO - Refreshing org.springframework.context.support.ClassPathXmlApplicationContext@67e8a1f6: startup date [Thu Mar 29 17:15:45 GMT+08:00 2012]; root of context hierarchy
2012-03-29 17:15:45 - INFO - Loading XML bean definitions from class path resource [applicationContext.xml]
2012-03-29 17:15:45 - INFO - Loading XML bean definitions from class path resource [applicationContext-base.xml]
2012-03-29 17:15:45 - INFO - Loading XML bean definitions from class path resource [applicationContext-system.xml]
2012-03-29 17:15:45 - INFO - Pre-instantiating singletons in org.springframework.beans.factory.support.DefaultListableBeanFactory@5f49d886: defining beans [dataSource,sqlSessionFactory,baseDomainMapper,transactionManager,transactionBase]; root of factory hierarchy
2012-03-29 17:15:45 - INFO - MLog clients using log4j logging.
2012-03-29 17:15:45 - INFO - Initializing c3p0-0.9.0 [built 11-July-2005 00:43:29 -0400; debug? true; trace: 10]
2012-03-29 17:15:46 - INFO - Initializing c3p0 pool... com.mchange.v2.c3p0.ComboPooledDataSource@2f87c55c[ acquireIncrement -> 3, acquireRetryAttempts -> 30, acquireRetryDelay -> 1000, autoCommitOnClose -> false, automaticTestTable -> null, breakAfterAcquireFailure -> false, checkoutTimeout -> 0, connectionTesterClassName -> com.mchange.v2.c3p0.impl.DefaultConnectionTester, description -> null, driverClass -> oracle.jdbc.driver.OracleDriver, factoryClassLocation -> null, forceIgnoreUnresolvedTransactions -> false, identityToken -> 2f87c55c, idleConnectionTestPeriod -> -1, initialPoolSize -> 1, jdbcUrl -> jdbc:oracle:thin:@localhost:1521:orcl, loginTimeout -> 0, maxIdleTime -> 30, maxPoolSize -> 10, maxStatements -> 0, maxStatementsPerConnection -> 0, minPoolSize -> 1, numHelperThreads -> 3, preferredTestQuery -> null, properties -> {user=******, password=******}, propertyCycle -> 300, testConnectionOnCheckin -> false, testConnectionOnCheckout -> false, usesTraditionalReflectiveProxies -> false ]
2012-03-29 17:16:23 - INFO - Refreshing org.springframework.context.support.ClassPathXmlApplicationContext@67e8a1f6: startup date [Thu Mar 29 17:16:23 GMT+08:00 2012]; root of context hierarchy
2012-03-29 17:16:24 - INFO - Loading XML bean definitions from class path resource [applicationContext.xml]
2012-03-29 17:16:24 - INFO - Loading XML bean definitions from class path resource [applicationContext-base.xml]
2012-03-29 17:16:24 - INFO - Loading XML bean definitions from class path resource [applicationContext-system.xml]
2012-03-29 17:16:24 - INFO - Pre-instantiating singletons in org.springframework.beans.factory.support.DefaultListableBeanFactory@37a001ff: defining beans [dataSource,sqlSessionFactory,baseDomainMapper,transactionManager,transactionBase]; root of factory hierarchy
2012-03-29 17:16:24 - INFO - MLog clients using log4j logging.
2012-03-29 17:16:24 - INFO - Initializing c3p0-0.9.0 [built 11-July-2005 00:43:29 -0400; debug? true; trace: 10]
2012-03-29 17:16:24 - INFO - Initializing c3p0 pool... com.mchange.v2.c3p0.ComboPooledDataSource@3e364641[ acquireIncrement -> 3, acquireRetryAttempts -> 30, acquireRetryDelay -> 1000, autoCommitOnClose -> false, automaticTestTable -> null, breakAfterAcquireFailure -> false, checkoutTimeout -> 0, connectionTesterClassName -> com.mchange.v2.c3p0.impl.DefaultConnectionTester, description -> null, driverClass -> oracle.jdbc.driver.OracleDriver, factoryClassLocation -> null, forceIgnoreUnresolvedTransactions -> false, identityToken -> 3e364641, idleConnectionTestPeriod -> -1, initialPoolSize -> 1, jdbcUrl -> jdbc:oracle:thin:@localhost:1521:orcl, loginTimeout -> 0, maxIdleTime -> 30, maxPoolSize -> 10, maxStatements -> 0, maxStatementsPerConnection -> 0, minPoolSize -> 1, numHelperThreads -> 3, preferredTestQuery -> null, properties -> {user=******, password=******}, propertyCycle -> 300, testConnectionOnCheckin -> false, testConnectionOnCheckout -> false, usesTraditionalReflectiveProxies -> false ]
2012-03-29 17:16:48 - INFO - Refreshing org.springframework.context.support.ClassPathXmlApplicationContext@5801319c: startup date [Thu Mar 29 17:16:48 GMT+08:00 2012]; root of context hierarchy
2012-03-29 17:16:48 - INFO - Loading XML bean definitions from class path resource [applicationContext.xml]
2012-03-29 17:16:48 - INFO - Loading XML bean definitions from class path resource [applicationContext-base.xml]
2012-03-29 17:16:48 - INFO - Loading XML bean definitions from class path resource [applicationContext-system.xml]
2012-03-29 17:16:48 - INFO - Pre-instantiating singletons in org.springframework.beans.factory.support.DefaultListableBeanFactory@48e61a35: defining beans [dataSource,sqlSessionFactory,baseDomainMapper,transactionManager,transactionBase]; root of factory hierarchy
2012-03-29 17:16:48 - INFO - MLog clients using log4j logging.
2012-03-29 17:16:48 - INFO - Initializing c3p0-0.9.0 [built 11-July-2005 00:43:29 -0400; debug? true; trace: 10]
2012-03-29 17:16:48 - INFO - Initializing c3p0 pool... com.mchange.v2.c3p0.ComboPooledDataSource@16e1eea8[ acquireIncrement -> 3, acquireRetryAttempts -> 30, acquireRetryDelay -> 1000, autoCommitOnClose -> false, automaticTestTable -> null, breakAfterAcquireFailure -> false, checkoutTimeout -> 0, connectionTesterClassName -> com.mchange.v2.c3p0.impl.DefaultConnectionTester, description -> null, driverClass -> oracle.jdbc.driver.OracleDriver, factoryClassLocation -> null, forceIgnoreUnresolvedTransactions -> false, identityToken -> 16e1eea8, idleConnectionTestPeriod -> -1, initialPoolSize -> 1, jdbcUrl -> jdbc:oracle:thin:@localhost:1521:orcl, loginTimeout -> 0, maxIdleTime -> 30, maxPoolSize -> 10, maxStatements -> 0, maxStatementsPerConnection -> 0, minPoolSize -> 1, numHelperThreads -> 3, preferredTestQuery -> null, properties -> {user=******, password=******}, propertyCycle -> 300, testConnectionOnCheckin -> false, testConnectionOnCheckout -> false, usesTraditionalReflectiveProxies -> false ]
2012-03-29 17:18:23 - INFO - Refreshing org.springframework.context.support.ClassPathXmlApplicationContext@67e8a1f6: startup date [Thu Mar 29 17:18:23 GMT+08:00 2012]; root of context hierarchy
2012-03-29 17:18:23 - INFO - Loading XML bean definitions from class path resource [applicationContext.xml]
2012-03-29 17:18:23 - INFO - Loading XML bean definitions from class path resource [applicationContext-base.xml]
2012-03-29 17:18:23 - INFO - Loading XML bean definitions from class path resource [applicationContext-system.xml]
2012-03-29 17:18:23 - INFO - Pre-instantiating singletons in org.springframework.beans.factory.support.DefaultListableBeanFactory@5eb7ec5d: defining beans [dataSource,sqlSessionFactory,baseDomainMapper,transactionManager,transactionBase]; root of factory hierarchy
2012-03-29 17:18:24 - INFO - MLog clients using log4j logging.
2012-03-29 17:18:24 - INFO - Initializing c3p0-0.9.0 [built 11-July-2005 00:43:29 -0400; debug? true; trace: 10]
2012-03-29 17:18:24 - INFO - Initializing c3p0 pool... com.mchange.v2.c3p0.ComboPooledDataSource@2b5356d5[ acquireIncrement -> 3, acquireRetryAttempts -> 30, acquireRetryDelay -> 1000, autoCommitOnClose -> false, automaticTestTable -> null, breakAfterAcquireFailure -> false, checkoutTimeout -> 0, connectionTesterClassName -> com.mchange.v2.c3p0.impl.DefaultConnectionTester, description -> null, driverClass -> oracle.jdbc.driver.OracleDriver, factoryClassLocation -> null, forceIgnoreUnresolvedTransactions -> false, identityToken -> 2b5356d5, idleConnectionTestPeriod -> -1, initialPoolSize -> 1, jdbcUrl -> jdbc:oracle:thin:@localhost:1521:orcl, loginTimeout -> 0, maxIdleTime -> 30, maxPoolSize -> 10, maxStatements -> 0, maxStatementsPerConnection -> 0, minPoolSize -> 1, numHelperThreads -> 3, preferredTestQuery -> null, properties -> {user=******, password=******}, propertyCycle -> 300, testConnectionOnCheckin -> false, testConnectionOnCheckout -> false, usesTraditionalReflectiveProxies -> false ]
2012-03-29 17:21:33 - INFO - Refreshing org.springframework.context.support.ClassPathXmlApplicationContext@67e8a1f6: startup date [Thu Mar 29 17:21:33 GMT+08:00 2012]; root of context hierarchy
2012-03-29 17:21:33 - INFO - Loading XML bean definitions from class path resource [applicationContext.xml]
2012-03-29 17:21:33 - INFO - Loading XML bean definitions from class path resource [applicationContext-base.xml]
2012-03-29 17:21:33 - INFO - Loading XML bean definitions from class path resource [applicationContext-system.xml]
2012-03-29 17:21:33 - INFO - Pre-instantiating singletons in org.springframework.beans.factory.support.DefaultListableBeanFactory@7ac2b2f6: defining beans [dataSource,sqlSessionFactory,baseDomainMapper,transactionManager,transactionBase]; root of factory hierarchy
2012-03-29 17:21:33 - INFO - MLog clients using log4j logging.
2012-03-29 17:21:33 - INFO - Initializing c3p0-0.9.0 [built 11-July-2005 00:43:29 -0400; debug? true; trace: 10]
2012-03-29 17:21:34 - INFO - Initializing c3p0 pool... com.mchange.v2.c3p0.ComboPooledDataSource@16e1eea8[ acquireIncrement -> 3, acquireRetryAttempts -> 30, acquireRetryDelay -> 1000, autoCommitOnClose -> false, automaticTestTable -> null, breakAfterAcquireFailure -> false, checkoutTimeout -> 0, connectionTesterClassName -> com.mchange.v2.c3p0.impl.DefaultConnectionTester, description -> null, driverClass -> oracle.jdbc.driver.OracleDriver, factoryClassLocation -> null, forceIgnoreUnresolvedTransactions -> false, identityToken -> 16e1eea8, idleConnectionTestPeriod -> -1, initialPoolSize -> 1, jdbcUrl -> jdbc:oracle:thin:@localhost:1521:orcl, loginTimeout -> 0, maxIdleTime -> 30, maxPoolSize -> 10, maxStatements -> 0, maxStatementsPerConnection -> 0, minPoolSize -> 1, numHelperThreads -> 3, preferredTestQuery -> null, properties -> {user=******, password=******}, propertyCycle -> 300, testConnectionOnCheckin -> false, testConnectionOnCheckout -> false, usesTraditionalReflectiveProxies -> false ]
2012-03-29 17:21:58 - INFO - Refreshing org.springframework.context.support.ClassPathXmlApplicationContext@67e8a1f6: startup date [Thu Mar 29 17:21:58 GMT+08:00 2012]; root of context hierarchy
2012-03-29 17:21:58 - INFO - Loading XML bean definitions from class path resource [applicationContext.xml]
2012-03-29 17:21:58 - INFO - Loading XML bean definitions from class path resource [applicationContext-base.xml]
2012-03-29 17:21:58 - INFO - Loading XML bean definitions from class path resource [applicationContext-system.xml]
2012-03-29 17:21:58 - INFO - Pre-instantiating singletons in org.springframework.beans.factory.support.DefaultListableBeanFactory@37a001ff: defining beans [dataSource,sqlSessionFactory,baseDomainMapper,transactionManager,transactionBase]; root of factory hierarchy
2012-03-29 17:21:58 - INFO - MLog clients using log4j logging.
2012-03-29 17:21:58 - INFO - Initializing c3p0-0.9.0 [built 11-July-2005 00:43:29 -0400; debug? true; trace: 10]
2012-03-29 17:21:59 - INFO - Initializing c3p0 pool... com.mchange.v2.c3p0.ComboPooledDataSource@5d3e754f[ acquireIncrement -> 3, acquireRetryAttempts -> 30, acquireRetryDelay -> 1000, autoCommitOnClose -> false, automaticTestTable -> null, breakAfterAcquireFailure -> false, checkoutTimeout -> 0, connectionTesterClassName -> com.mchange.v2.c3p0.impl.DefaultConnectionTester, description -> null, driverClass -> oracle.jdbc.driver.OracleDriver, factoryClassLocation -> null, forceIgnoreUnresolvedTransactions -> false, identityToken -> 5d3e754f, idleConnectionTestPeriod -> -1, initialPoolSize -> 1, jdbcUrl -> jdbc:oracle:thin:@localhost:1521:orcl, loginTimeout -> 0, maxIdleTime -> 30, maxPoolSize -> 10, maxStatements -> 0, maxStatementsPerConnection -> 0, minPoolSize -> 1, numHelperThreads -> 3, preferredTestQuery -> null, properties -> {user=******, password=******}, propertyCycle -> 300, testConnectionOnCheckin -> false, testConnectionOnCheckout -> false, usesTraditionalReflectiveProxies -> false ]
2012-03-29 17:22:35 - INFO - Refreshing org.springframework.context.support.ClassPathXmlApplicationContext@59e152c5: startup date [Thu Mar 29 17:22:35 GMT+08:00 2012]; root of context hierarchy
2012-03-29 17:22:35 - INFO - Loading XML bean definitions from class path resource [applicationContext.xml]
2012-03-29 17:22:35 - INFO - Loading XML bean definitions from class path resource [applicationContext-base.xml]
2012-03-29 17:22:35 - INFO - Loading XML bean definitions from class path resource [applicationContext-system.xml]
2012-03-29 17:22:35 - INFO - Pre-instantiating singletons in org.springframework.beans.factory.support.DefaultListableBeanFactory@4737371: defining beans [dataSource,sqlSessionFactory,baseDomainMapper,transactionManager,transactionBase]; root of factory hierarchy
2012-03-29 17:22:35 - INFO - MLog clients using log4j logging.
2012-03-29 17:22:35 - INFO - Initializing c3p0-0.9.0 [built 11-July-2005 00:43:29 -0400; debug? true; trace: 10]
2012-03-29 17:22:36 - INFO - Initializing c3p0 pool... com.mchange.v2.c3p0.ComboPooledDataSource@16e1eea8[ acquireIncrement -> 3, acquireRetryAttempts -> 30, acquireRetryDelay -> 1000, autoCommitOnClose -> false, automaticTestTable -> null, breakAfterAcquireFailure -> false, checkoutTimeout -> 0, connectionTesterClassName -> com.mchange.v2.c3p0.impl.DefaultConnectionTester, description -> null, driverClass -> oracle.jdbc.driver.OracleDriver, factoryClassLocation -> null, forceIgnoreUnresolvedTransactions -> false, identityToken -> 16e1eea8, idleConnectionTestPeriod -> -1, initialPoolSize -> 1, jdbcUrl -> jdbc:oracle:thin:@localhost:1521:orcl, loginTimeout -> 0, maxIdleTime -> 30, maxPoolSize -> 10, maxStatements -> 0, maxStatementsPerConnection -> 0, minPoolSize -> 1, numHelperThreads -> 3, preferredTestQuery -> null, properties -> {user=******, password=******}, propertyCycle -> 300, testConnectionOnCheckin -> false, testConnectionOnCheckout -> false, usesTraditionalReflectiveProxies -> false ]
2012-03-29 17:23:05 - INFO - Refreshing org.springframework.context.support.ClassPathXmlApplicationContext@67e8a1f6: startup date [Thu Mar 29 17:23:05 GMT+08:00 2012]; root of context hierarchy
2012-03-29 17:23:05 - INFO - Loading XML bean definitions from class path resource [applicationContext.xml]
2012-03-29 17:23:05 - INFO - Loading XML bean definitions from class path resource [applicationContext-base.xml]
2012-03-29 17:23:06 - INFO - Loading XML bean definitions from class path resource [applicationContext-system.xml]
2012-03-29 17:23:06 - INFO - Pre-instantiating singletons in org.springframework.beans.factory.support.DefaultListableBeanFactory@37a001ff: defining beans [dataSource,sqlSessionFactory,baseDomainMapper,transactionManager,transactionBase]; root of factory hierarchy
2012-03-29 17:23:06 - INFO - MLog clients using log4j logging.
2012-03-29 17:23:06 - INFO - Initializing c3p0-0.9.0 [built 11-July-2005 00:43:29 -0400; debug? true; trace: 10]
2012-03-29 17:23:06 - INFO - Initializing c3p0 pool... com.mchange.v2.c3p0.ComboPooledDataSource@4afb6354[ acquireIncrement -> 3, acquireRetryAttempts -> 30, acquireRetryDelay -> 1000, autoCommitOnClose -> false, automaticTestTable -> null, breakAfterAcquireFailure -> false, checkoutTimeout -> 0, connectionTesterClassName -> com.mchange.v2.c3p0.impl.DefaultConnectionTester, description -> null, driverClass -> oracle.jdbc.driver.OracleDriver, factoryClassLocation -> null, forceIgnoreUnresolvedTransactions -> false, identityToken -> 4afb6354, idleConnectionTestPeriod -> -1, initialPoolSize -> 1, jdbcUrl -> jdbc:oracle:thin:@localhost:1521:orcl, loginTimeout -> 0, maxIdleTime -> 30, maxPoolSize -> 10, maxStatements -> 0, maxStatementsPerConnection -> 0, minPoolSize -> 1, numHelperThreads -> 3, preferredTestQuery -> null, properties -> {user=******, password=******}, propertyCycle -> 300, testConnectionOnCheckin -> false, testConnectionOnCheckout -> false, usesTraditionalReflectiveProxies -> false ]
